<?xml version="1.0" encoding="UTF-8"?>
<!-- Generated by org.testng.reporters.JUnitReportReporter -->
<testsuite hostname="Prabhani-PC" failures="0" tests="1" name="packageOne.searchgoogle" time="11.622" errors="0" timestamp="31 Jul 2018 17:22:50 GMT" skipped="0">
  <testcase classname="packageOne.searchgoogle" name="test" time="11.622"/>
</testsuite> <!-- packageOne.searchgoogle -->
