<?xml version="1.0" encoding="UTF-8"?>
<!-- Generated by org.testng.reporters.JUnitReportReporter -->
<testsuite hostname="Prabhani-PC" failures="0" tests="1" name="packageOne.formfilling" time="5.316" errors="0" timestamp="02 Aug 2018 18:38:14 GMT" skipped="0">
  <testcase classname="packageOne.formfilling" name="fill" time="5.316"/>
</testsuite> <!-- packageOne.formfilling -->
