<?xml version="1.0" encoding="UTF-8"?>
<!-- Generated by org.testng.reporters.JUnitReportReporter -->
<testsuite hostname="Prabhani-PC" failures="0" tests="1" name="PackageHomeOne.addCustomer" time="18.638" errors="0" timestamp="05 Aug 2018 01:56:00 GMT" skipped="0">
  <testcase classname="PackageHomeOne.addCustomer" name="navigate" time="18.638"/>
</testsuite> <!-- PackageHomeOne.addCustomer -->
