<?xml version="1.0" encoding="UTF-8"?>
<!-- Generated by org.testng.reporters.JUnitReportReporter -->
<testsuite hostname="Prabhani-PC" failures="0" tests="1" name="PackageHomeOne.newAccount" time="3.994" errors="0" timestamp="03 Aug 2018 17:42:09 GMT" skipped="0">
  <testcase classname="PackageHomeOne.newAccount" name="account" time="3.994"/>
</testsuite> <!-- PackageHomeOne.newAccount -->
