<?xml version="1.0" encoding="UTF-8"?>
<!-- Generated by org.testng.reporters.JUnitReportReporter -->
<testsuite hostname="Prabhani-PC" failures="0" tests="1" name="PackageHomeOne.newCustomer" time="5.035" errors="0" timestamp="03 Aug 2018 16:44:46 GMT" skipped="0">
  <testcase classname="PackageHomeOne.newCustomer" name="customer" time="5.035"/>
</testsuite> <!-- PackageHomeOne.newCustomer -->
