<?xml version="1.0" encoding="UTF-8"?>
<!-- Generated by org.testng.reporters.JUnitReportReporter -->
<testsuite hostname="Prabhani-PC" failures="0" tests="1" name="PackageHomeOne.deposit" time="5.201" errors="0" timestamp="05 Aug 2018 04:10:50 GMT" skipped="0">
  <testcase classname="PackageHomeOne.deposit" name="depositpage" time="5.201"/>
</testsuite> <!-- PackageHomeOne.deposit -->
