<?xml version="1.0" encoding="UTF-8"?>
<!-- Generated by org.testng.reporters.JUnitReportReporter -->
<testsuite hostname="Prabhani-PC" failures="0" tests="1" name="PackageHomeOne.withdraw" time="4.442" errors="0" timestamp="04 Aug 2018 09:15:24 GMT" skipped="0">
  <testcase classname="PackageHomeOne.withdraw" name="withdrawpage" time="4.442"/>
</testsuite> <!-- PackageHomeOne.withdraw -->
