<?xml version="1.0" encoding="UTF-8"?>
<!-- Generated by org.testng.reporters.JUnitReportReporter -->
<testsuite hostname="Prabhani-PC" failures="0" tests="1" name="packageOne.demoguru99" time="4.998" errors="0" timestamp="07 Aug 2018 23:49:55 GMT" skipped="0">
  <testcase classname="packageOne.demoguru99" name="navigateguru99" time="4.998"/>
</testsuite> <!-- packageOne.demoguru99 -->
